
> AI Exam Paper Generator@0.1.0 build
> vite build

npm : X [ERROR] 
Failed to resolve "
@tailwindcss/vite".
 This package is 
ESM only but it 
was tried to load 
by `require`. See h
ttps://vite.dev/gui
de/troubleshooting.
html#this-package-i
s-esm-only for 
more details. 
[plugin 
externalize-deps]
At line:1 char:1
+ npm run build 
2>&1 | Out-File 
-FilePath 
"build-error.log" 
-Encoding u ...
+ 
~~~~~~~~~~~~~~~~~~
    + CategoryInfo 
             : 
NotSpe    cified: 
(X [ERRO    R] 
Faile...terna    
lize-deps]:Strin   
 g) [], RemoteExc  
  eption
    + 
FullyQualified    
ErrorId : Native   
 CommandError
 

    vite.config.ts:
4:24:
      4 Γöé import 
tailwindcss from '@
tailwindcss/vite';
        Γò╡        
                 
~~~~~~~~~~~~~~~~~~~

[31mfailed to 
load config from C:
\Users\Vinz\Downloa
ds\Internship Proje
ct\ai_exam_oracle\f
rontend\AI Exam 
Paper Generator\vit
e.config.ts[39m
[31merror during 
build:
Error: Build 
failed with 1 
error:
vite.config.ts:4:24
: ERROR: [plugin: 
externalize-deps] 
Failed to resolve "
@tailwindcss/vite".
 This package is 
ESM only but it 
was tried to load 
by `require`. See h
ttps://vite.dev/gui
de/troubleshooting.
html#this-package-i
s-esm-only for 
more details.
    at failureError
WithLog (C:\Users\V
inz\Downloads\Inter
nship Project\ai_ex
am_oracle\frontend\
AI Exam Paper Gener
ator\node_modules\e
sbuild\lib\main.js:
1467:15)
    at C:\Users\Vin
z\Downloads\Interns
hip Project\ai_exam
_oracle\frontend\AI
 Exam Paper Generat
or\node_modules\esb
uild\lib\main.js:92
6:25
    at 
runOnEndCallbacks (
C:\Users\Vinz\Downl
oads\Internship Pro
ject\ai_exam_oracle
\frontend\AI Exam 
Paper Generator\nod
e_modules\esbuild\l
ib\main.js:1307:45)
    at buildRespons
eToResult (C:\Users
\Vinz\Downloads\Int
ernship Project\ai_
exam_oracle\fronten
d\AI Exam Paper Gen
erator\node_modules
\esbuild\lib\main.j
s:924:7)
    at C:\Users\Vin
z\Downloads\Interns
hip Project\ai_exam
_oracle\frontend\AI
 Exam Paper Generat
or\node_modules\esb
uild\lib\main.js:95
1:16
    at responseCall
backs.<computed> (C
:\Users\Vinz\Downlo
ads\Internship Proj
ect\ai_exam_oracle\
frontend\AI Exam 
Paper Generator\nod
e_modules\esbuild\l
ib\main.js:603:9)
    at handleIncomi
ngPacket (C:\Users\
Vinz\Downloads\Inte
rnship Project\ai_e
xam_oracle\frontend
\AI Exam Paper Gene
rator\node_modules\
esbuild\lib\main.js
:658:12)
    at Socket.readF
romStdout (C:\Users
\Vinz\Downloads\Int
ernship Project\ai_
exam_oracle\fronten
d\AI Exam Paper Gen
erator\node_modules
\esbuild\lib\main.j
s:581:7)
    at Socket.emit 
(node:events:517:28
)
    at addChunk (no
de:internal/streams
/readable:368:12)[
39m
